c:\users\jber5\onedrive\desktop\spacewars\spacewars\debug\vc142.pdb
c:\users\jber5\onedrive\desktop\spacewars\spacewars\debug\vc142.idb
c:\users\jber5\onedrive\desktop\spacewars\spacewars\debug\textureassests.obj
c:\users\jber5\onedrive\desktop\spacewars\spacewars\debug\spaceship.obj
c:\users\jber5\onedrive\desktop\spacewars\spacewars\debug\source.obj
c:\users\jber5\onedrive\desktop\spacewars\spacewars\debug\soundeffects.obj
c:\users\jber5\onedrive\desktop\spacewars\spacewars\debug\protectionshieldpowerup.obj
c:\users\jber5\onedrive\desktop\spacewars\spacewars\debug\powerups.obj
c:\users\jber5\onedrive\desktop\spacewars\spacewars\debug\particlesystem.obj
c:\users\jber5\onedrive\desktop\spacewars\spacewars\debug\onehitkillpowerup.obj
c:\users\jber5\onedrive\desktop\spacewars\spacewars\debug\nukepowerup.obj
c:\users\jber5\onedrive\desktop\spacewars\spacewars\debug\healthpowerup.obj
c:\users\jber5\onedrive\desktop\spacewars\spacewars\debug\game.obj
c:\users\jber5\onedrive\desktop\spacewars\spacewars\debug\enemyspaceship.obj
c:\users\jber5\onedrive\desktop\spacewars\spacewars\debug\bullets.obj
c:\users\jber5\onedrive\desktop\spacewars\spacewars\debug\backgrounddynamics.obj
c:\users\jber5\onedrive\desktop\spacewars\spacewars\debug\asteroids.obj
c:\users\jber5\onedrive\desktop\spacewars\spacewars\debug\animation.obj
c:\users\jber5\onedrive\desktop\spacewars\debug\spacewars.exe
c:\users\jber5\onedrive\desktop\spacewars\debug\spacewars.ilk
c:\users\jber5\onedrive\desktop\spacewars\debug\spacewars.pdb
c:\users\jber5\onedrive\desktop\spacewars\spacewars\debug\spacewars.tlog\cl.command.1.tlog
c:\users\jber5\onedrive\desktop\spacewars\spacewars\debug\spacewars.tlog\cl.read.1.tlog
c:\users\jber5\onedrive\desktop\spacewars\spacewars\debug\spacewars.tlog\cl.write.1.tlog
c:\users\jber5\onedrive\desktop\spacewars\spacewars\debug\spacewars.tlog\link.command.1.tlog
c:\users\jber5\onedrive\desktop\spacewars\spacewars\debug\spacewars.tlog\link.read.1.tlog
c:\users\jber5\onedrive\desktop\spacewars\spacewars\debug\spacewars.tlog\link.write.1.tlog
